#
# There is insufficient memory for the Java Runtime Environment to continue.
# Native memory allocation (mmap) failed to map 1966080 bytes for G1 virtual space
# Possible reasons:
#   The system is out of physical RAM or swap space
#   The process is running with CompressedOops enabled, and the Java Heap may be blocking the growth of the native heap
# Possible solutions:
#   Reduce memory load on the system
#   Increase physical memory or swap space
#   Check if swap backing store is full
#   Decrease Java heap size (-Xmx/-Xms)
#   Decrease number of Java threads
#   Decrease Java thread stack sizes (-Xss)
#   Set larger code cache with -XX:ReservedCodeCacheSize=
#   JVM is running with Unscaled Compressed Oops mode in which the Java heap is
#     placed in the first 4GB address space. The Java Heap base address is the
#     maximum limit for the native heap growth. Please use -XX:HeapBaseMinAddress
#     to set the Java Heap base and to place the Java Heap above 4GB virtual address.
# This output file may be truncated or incomplete.
#
#  Out of Memory Error (os_windows.cpp:3535), pid=10880, tid=21996
#
# JRE version:  (17.0.3+7) (build )
# Java VM: OpenJDK 64-Bit Server VM (17.0.3+7, mixed mode, sharing, tiered, compressed oops, compressed class ptrs, g1 gc, windows-amd64)
# No core dump will be written. Minidumps are not enabled by default on client versions of Windows
#

---------------  S U M M A R Y ------------

Command Line: -agentlib:jdwp=transport=dt_socket,server=n,suspend=y,address=localhost:12657 -XX:+ShowCodeDetailsInExceptionMessages Main

Host: Intel(R) Core(TM) i7-6500U CPU @ 2.50GHz, 4 cores, 7G,  Windows 11 , 64 bit Build 22000 (10.0.22000.708)
Time: Thu Jul 28 14:48:40 2022 E. Africa Standard Time elapsed time: 0.021874 seconds (0d 0h 0m 0s)

---------------  T H R E A D  ---------------

Current thread (0x000001a30eca1ca0):  JavaThread "Unknown thread" [_thread_in_vm, id=21996, stack(0x0000006398100000,0x0000006398200000)]

Stack: [0x0000006398100000,0x0000006398200000]
Native frames: (J=compiled Java code, j=interpreted, Vv=VM code, C=native code)
V  [jvm.dll+0x675efa]
V  [jvm.dll+0x830a24]
V  [jvm.dll+0x8321ce]
V  [jvm.dll+0x832833]
V  [jvm.dll+0x2454b5]
V  [jvm.dll+0x672de9]
V  [jvm.dll+0x667732]
V  [jvm.dll+0x3043ab]
V  [jvm.dll+0x30b8f6]
V  [jvm.dll+0x35b643]
V  [jvm.dll+0x35b85f]
V  [jvm.dll+0x2db248]
V  [jvm.dll+0x2dc1b4]
V  [jvm.dll+0x802651]
V  [jvm.dll+0x3693b1]
V  [jvm.dll+0x7e1aac]
V  [jvm.dll+0x3ebd8f]
V  [jvm.dll+0x3ed911]
C  [jli.dll+0x5277]
C  [ucrtbase.dll+0x26c0c]
C  [KERNEL32.DLL+0x154e0]
C  [ntdll.dll+0x485b]


---------------  P R O C E S S  ---------------

Threads class SMR info:
_java_thread_list=0x00007ffc11296e98, length=0, elements={
}

Java Threads: ( => current thread )

Other Threads:
  0x000001a30ecf80e0 GCTaskThread "GC Thread#0" [stack: 0x0000006398200000,0x0000006398300000] [id=1780]
  0x000001a30ed07c70 ConcurrentGCThread "G1 Main Marker" [stack: 0x0000006398300000,0x0000006398400000] [id=2944]
  0x000001a30ed08590 ConcurrentGCThread "G1 Conc#0" [stack: 0x0000006398400000,0x0000006398500000] [id=20476]

[error occurred during error reporting (printing all threads), id 0xc0000005, EXCEPTION_ACCESS_VIOLATION (0xc0000005) at pc=0x00007ffc10a6bcd7]

VM state: not at safepoint (not fully initialized)

VM Mutex/Monitor currently owned by a thread:  ([mutex/lock_event])
[0x000001a30ec9d330] Heap_lock - owner thread: 0x000001a30eca1ca0

Heap address: 0x0000000089600000, size: 1898 MB, Compressed Oops mode: 32-bit

CDS archive(s) mapped at: [0x0000000000000000-0x0000000000000000-0x0000000000000000), size 0, SharedBaseAddress: 0x0000000800000000, ArchiveRelocationMode: 0.
Narrow klass base: 0x0000000000000000, Narrow klass shift: 0, Narrow klass range: 0x0

GC Precious Log:
<Empty>

Heap:
 garbage-first heap   total 0K, used 0K [0x0000000089600000, 0x0000000100000000)
  region size 1024K, 0 young (0K), 0 survivors (0K)

[error occurred during error reporting (printing heap information), id 0xc0000005, EXCEPTION_ACCESS_VIOLATION (0xc0000005) at pc=0x00007ffc10e4f249]

GC Heap History (0 events):
No events

Deoptimization events (0 events):
No events

Classes unloaded (0 events):
No events

Classes redefined (0 events):
No events

Internal exceptions (0 events):
No events

VM Operations (0 events):
No events

Events (1 events):
Event: 0.012 Loaded shared library C:\Users\A One Trick Pony\.vscode\extensions\redhat.java-1.9.0-win32-x64\jre\17.0.3-win32-x86_64\bin\java.dll


Dynamic libraries:
0x00007ff77f140000 - 0x00007ff77f14e000 	C:\Users\A One Trick Pony\.vscode\extensions\redhat.java-1.9.0-win32-x64\jre\17.0.3-win32-x86_64\bin\java.exe
0x00007ffc70380000 - 0x00007ffc70589000 	C:\WINDOWS\SYSTEM32\ntdll.dll
0x00007ffc70040000 - 0x00007ffc700fd000 	C:\WINDOWS\System32\KERNEL32.DLL
0x00007ffc6d860000 - 0x00007ffc6dbd9000 	C:\WINDOWS\System32\KERNELBASE.dll
0x00007ffc6dda0000 - 0x00007ffc6deb1000 	C:\WINDOWS\System32\ucrtbase.dll
0x00007ffc59d80000 - 0x00007ffc59d98000 	C:\Users\A One Trick Pony\.vscode\extensions\redhat.java-1.9.0-win32-x64\jre\17.0.3-win32-x86_64\bin\jli.dll
0x00007ffc6f760000 - 0x00007ffc6f90c000 	C:\WINDOWS\System32\USER32.dll
0x00007ffc6e070000 - 0x00007ffc6e096000 	C:\WINDOWS\System32\win32u.dll
0x00007ffc70010000 - 0x00007ffc70039000 	C:\WINDOWS\System32\GDI32.dll
0x00007ffc6dc80000 - 0x00007ffc6dd92000 	C:\WINDOWS\System32\gdi32full.dll
0x00007ffc6dbe0000 - 0x00007ffc6dc7d000 	C:\WINDOWS\System32\msvcp_win.dll
0x00007ffc581d0000 - 0x00007ffc581e9000 	C:\Users\A One Trick Pony\.vscode\extensions\redhat.java-1.9.0-win32-x64\jre\17.0.3-win32-x86_64\bin\VCRUNTIME140.dll
0x00007ffc561b0000 - 0x00007ffc56455000 	C:\WINDOWS\WinSxS\amd64_microsoft.windows.common-controls_6595b64144ccf1df_6.0.22000.120_none_9d947278b86cc467\COMCTL32.dll
0x00007ffc6fa00000 - 0x00007ffc6faa3000 	C:\WINDOWS\System32\msvcrt.dll
0x00007ffc6fb60000 - 0x00007ffc6fb91000 	C:\WINDOWS\System32\IMM32.DLL
0x00007ffc5a7a0000 - 0x00007ffc5a7ac000 	C:\Users\A One Trick Pony\.vscode\extensions\redhat.java-1.9.0-win32-x64\jre\17.0.3-win32-x86_64\bin\vcruntime140_1.dll
0x00007ffc11600000 - 0x00007ffc11691000 	C:\Users\A One Trick Pony\.vscode\extensions\redhat.java-1.9.0-win32-x64\jre\17.0.3-win32-x86_64\bin\msvcp140.dll
0x00007ffc10780000 - 0x00007ffc113c8000 	C:\Users\A One Trick Pony\.vscode\extensions\redhat.java-1.9.0-win32-x64\jre\17.0.3-win32-x86_64\bin\server\jvm.dll
0x00007ffc6e380000 - 0x00007ffc6e42e000 	C:\WINDOWS\System32\ADVAPI32.dll
0x00007ffc70290000 - 0x00007ffc7032e000 	C:\WINDOWS\System32\sechost.dll
0x00007ffc70160000 - 0x00007ffc70280000 	C:\WINDOWS\System32\RPCRT4.dll
0x00007ffc6eb10000 - 0x00007ffc6eb18000 	C:\WINDOWS\System32\PSAPI.DLL
0x00007ffc60160000 - 0x00007ffc60169000 	C:\WINDOWS\SYSTEM32\WSOCK32.dll
0x00007ffc6e670000 - 0x00007ffc6e6df000 	C:\WINDOWS\System32\WS2_32.dll
0x00007ffc63530000 - 0x00007ffc63563000 	C:\WINDOWS\SYSTEM32\WINMM.dll
0x00007ffc61d10000 - 0x00007ffc61d1a000 	C:\WINDOWS\SYSTEM32\VERSION.dll
0x00007ffc6ca50000 - 0x00007ffc6ca68000 	C:\WINDOWS\SYSTEM32\kernel.appcore.dll
0x00007ffc58450000 - 0x00007ffc5845a000 	C:\Users\A One Trick Pony\.vscode\extensions\redhat.java-1.9.0-win32-x64\jre\17.0.3-win32-x86_64\bin\jimage.dll
0x00007ffc6aef0000 - 0x00007ffc6b111000 	C:\WINDOWS\SYSTEM32\DBGHELP.DLL
0x00007ffc4eb20000 - 0x00007ffc4eb51000 	C:\WINDOWS\SYSTEM32\dbgcore.DLL
0x00007ffc6df80000 - 0x00007ffc6dfff000 	C:\WINDOWS\System32\bcryptPrimitives.dll
0x00007ffc54d40000 - 0x00007ffc54d7b000 	C:\Users\A One Trick Pony\.vscode\extensions\redhat.java-1.9.0-win32-x64\jre\17.0.3-win32-x86_64\bin\jdwp.dll
0x00007ffc1bf70000 - 0x00007ffc1bf95000 	C:\Users\A One Trick Pony\.vscode\extensions\redhat.java-1.9.0-win32-x64\jre\17.0.3-win32-x86_64\bin\java.dll

dbghelp: loaded successfully - version: 4.0.5 - missing functions: none
symbol engine: initialized successfully - sym options: 0x614 - pdb path: .;C:\Users\A One Trick Pony\.vscode\extensions\redhat.java-1.9.0-win32-x64\jre\17.0.3-win32-x86_64\bin;C:\WINDOWS\SYSTEM32;C:\WINDOWS\WinSxS\amd64_microsoft.windows.common-controls_6595b64144ccf1df_6.0.22000.120_none_9d947278b86cc467;C:\Users\A One Trick Pony\.vscode\extensions\redhat.java-1.9.0-win32-x64\jre\17.0.3-win32-x86_64\bin\server

VM Arguments:
jvm_args: -agentlib:jdwp=transport=dt_socket,server=n,suspend=y,address=localhost:12657 -XX:+ShowCodeDetailsInExceptionMessages 
java_command: Main
java_class_path (initial): C:\Users\A One Trick Pony\eclipse-workspace\Oop\bin;C:\Users\A One Trick Pony\eclipse-workspace\Oop\jgoodies-common-1.8.0.jar;C:\Users\A One Trick Pony\eclipse-workspace\Oop\jgoodies-forms-1.8.0.jar;C:\Users\A One Trick Pony\Downloads\Compressed\beautyeye-3.7\beautyeye-3.7\dist\beautyeye_lnf.jar;C:\Users\A One Trick Pony\Downloads\flatlaf-2.4.jar
Launcher Type: SUN_STANDARD

[Global flags]
     intx CICompilerCount                          = 3                                         {product} {ergonomic}
     uint ConcGCThreads                            = 1                                         {product} {ergonomic}
     uint G1ConcRefinementThreads                  = 4                                         {product} {ergonomic}
   size_t G1HeapRegionSize                         = 1048576                                   {product} {ergonomic}
    uintx GCDrainStackTargetSize                   = 64                                        {product} {ergonomic}
   size_t InitialHeapSize                          = 125829120                                 {product} {ergonomic}
   size_t MarkStackSize                            = 4194304                                   {product} {ergonomic}
   size_t MaxHeapSize                              = 1990197248                                {product} {ergonomic}
   size_t MinHeapDeltaBytes                        = 1048576                                   {product} {ergonomic}
   size_t MinHeapSize                              = 8388608                                   {product} {ergonomic}
    uintx NonNMethodCodeHeapSize                   = 5832780                                {pd product} {ergonomic}
    uintx NonProfiledCodeHeapSize                  = 122912730                              {pd product} {ergonomic}
    uintx ProfiledCodeHeapSize                     = 122912730                              {pd product} {ergonomic}
    uintx ReservedCodeCacheSize                    = 251658240                              {pd product} {ergonomic}
     bool SegmentedCodeCache                       = true                                      {product} {ergonomic}
     bool ShowCodeDetailsInExceptionMessages       = true                                   {manageable} {command line}
   size_t SoftMaxHeapSize                          = 1990197248                             {manageable} {ergonomic}
     bool UseCompressedClassPointers               = true                           {product lp64_product} {ergonomic}
     bool UseCompressedOops                        = true                           {product lp64_product} {ergonomic}
     bool UseG1GC                                  = true                                      {product} {ergonomic}
     bool UseLargePagesIndividualAllocation        = false                                  {pd product} {ergonomic}

Logging:
Log output configuration:
 #0: stdout all=warning uptime,level,tags
 #1: stderr all=off uptime,level,tags

Environment Variables:
PATH=C:\WINDOWS\system32;C:\WINDOWS;C:\WINDOWS\System32\Wbem;C:\WINDOWS\System32\WindowsPowerShell\v1.0\;C:\WINDOWS\System32\OpenSSH\;C:\Program Files (x86)\Intel\Intel(R) Management Engine Components\DAL;C:\Program Files\Intel\Intel(R) Management Engine Components\DAL;C:\flutter\bin;C:\Program Files\Microsoft SQL Server\150\Tools\Binn\;C:\Program Files\Microsoft SQL Server\Client SDK\ODBC\170\Tools\Binn\;C:\Users\A One Trick Pony\.jdks\openjdk-17.0.2\bin;C:\Program Files\Git\cmd;C:\Program Files\CodeBlocks\MinGW\bin;C:\Program Files\dotnet\;'C:\Users\A One Trick Pony\AppData\Local\Programs\Python\Python310\Scripts';C:\Program Files\CodeBlocks\MinGW\bin;'C:\Users\A One Trick Pony\AppData\Local\Packages\PythonSoftwareFoundation.Python.3.10_qbz5n2kfra8p0\LocalCache\local-packages\Python310\Scripts';'C:\Users\A One Trick Pony\AppData\Local\Packages\PythonSoftwareFoundation.Python.3.10_qbz5n2kfra8p0\LocalCache\local-packages\Python310\Scripts';c:\program files\windowsapps\pythonsoftwarefoundation.python.3.10_3.10.1264.0_x64__qbz5n2kfra8p0\lib\site-packages;C:\Program Files\MiKTeX\miktex\bin\x64\;C:\sqlite\sqlite3.exe;C:\Python27\python.exe;C:\Program Files\nodejs\;C:\Program Files\dotnet\dotnet.exe;C:\Program Files\MySQL\MySQL Shell 8.0\bin\;C:\Users\A One Trick Pony\AppData\Local\Microsoft\WindowsApps;C:\Users\A One Trick Pony\AppData\Local\Programs\Microsoft VS Code\bin;C:\Program Files\JetBrains\IntelliJ IDEA Community Edition 2021.3.2\bin;;C:\Users\A One Trick Pony\.dotnet\tools;C:\Program Files\JetBrains\PyCharm Community Edition 2021.3.3\bin;;C:\Users\A One Trick Pony\AppData\Local\GitHubDesktop\bin;C:\Users\A One Trick Pony\AppData\Roaming\npm
USERNAME=A One Trick Pony
OS=Windows_NT
PROCESSOR_IDENTIFIER=Intel64 Family 6 Model 78 Stepping 3, GenuineIntel



---------------  S Y S T E M  ---------------

OS:
 Windows 11 , 64 bit Build 22000 (10.0.22000.708)
OS uptime: 1 days 0:29 hours

CPU: total 4 (initial active 4) (2 cores per cpu, 2 threads per core) family 6 model 78 stepping 3 microcode 0xea, cx8, cmov, fxsr, ht, mmx, 3dnowpref, sse, sse2, sse3, ssse3, sse4.1, sse4.2, popcnt, lzcnt, tsc, tscinvbit, avx, avx2, aes, erms, clmul, bmi1, bmi2, adx, fma, vzeroupper, clflush, clflushopt

Memory: 4k page, system-wide physical 7591M (735M free)
TotalPageFile size 19879M (AvailPageFile size 8M)
current process WorkingSet (physical memory assigned to process): 10M, peak: 10M
current process commit charge ("private bytes"): 171M, peak: 173M

vm_info: OpenJDK 64-Bit Server VM (17.0.3+7) for windows-amd64 JRE (17.0.3+7), built on Apr 19 2022 16:55:35 by "" with MS VC++ 16.7 (VS2019)

END.
