#
# There is insufficient memory for the Java Runtime Environment to continue.
# Native memory allocation (mmap) failed to map 65536 bytes for Failed to commit metaspace.
# Possible reasons:
#   The system is out of physical RAM or swap space
#   The process is running with CompressedOops enabled, and the Java Heap may be blocking the growth of the native heap
# Possible solutions:
#   Reduce memory load on the system
#   Increase physical memory or swap space
#   Check if swap backing store is full
#   Decrease Java heap size (-Xmx/-Xms)
#   Decrease number of Java threads
#   Decrease Java thread stack sizes (-Xss)
#   Set larger code cache with -XX:ReservedCodeCacheSize=
#   JVM is running with Unscaled Compressed Oops mode in which the Java heap is
#     placed in the first 4GB address space. The Java Heap base address is the
#     maximum limit for the native heap growth. Please use -XX:HeapBaseMinAddress
#     to set the Java Heap base and to place the Java Heap above 4GB virtual address.
# This output file may be truncated or incomplete.
#
#  Out of Memory Error (virtualSpaceNode.cpp:110), pid=24556, tid=15444
#
# JRE version: OpenJDK Runtime Environment Temurin-17.0.3+7 (17.0.3+7) (build 17.0.3+7)
# Java VM: OpenJDK 64-Bit Server VM Temurin-17.0.3+7 (17.0.3+7, mixed mode, tiered, compressed oops, compressed class ptrs, g1 gc, windows-amd64)
# No core dump will be written. Minidumps are not enabled by default on client versions of Windows
#

---------------  S U M M A R Y ------------

Command Line: -agentlib:jdwp=transport=dt_socket,server=n,suspend=y,address=localhost:5012 -XX:+ShowCodeDetailsInExceptionMessages Main

Host: Intel(R) Core(TM) i7-6500U CPU @ 2.50GHz, 4 cores, 7G,  Windows 11 , 64 bit Build 22000 (10.0.22000.708)
Time: Thu Jul 28 15:23:32 2022 E. Africa Standard Time elapsed time: 2.342906 seconds (0d 0h 0m 2s)

---------------  T H R E A D  ---------------

Current thread (0x0000020a51cc3c20):  JavaThread "TimerQueue" daemon [_thread_in_vm, id=15444, stack(0x00000095dfd00000,0x00000095dfe00000)]

Stack: [0x00000095dfd00000,0x00000095dfe00000]
Native frames: (J=compiled Java code, j=interpreted, Vv=VM code, C=native code)
V  [jvm.dll+0x675efa]
V  [jvm.dll+0x830a24]
V  [jvm.dll+0x8321ce]
V  [jvm.dll+0x832833]
V  [jvm.dll+0x2454b5]
V  [jvm.dll+0x82c9cb]
V  [jvm.dll+0x61ab26]
V  [jvm.dll+0x61ab8a]
V  [jvm.dll+0x61d3aa]
V  [jvm.dll+0x61b4c6]
V  [jvm.dll+0x36b4e2]
V  [jvm.dll+0x1e1e3b]
V  [jvm.dll+0x53bba9]
V  [jvm.dll+0x1f0da7]
V  [jvm.dll+0x7aae5b]
V  [jvm.dll+0x7ac202]
V  [jvm.dll+0x7ac999]
V  [jvm.dll+0x1e8946]
V  [jvm.dll+0x1eb04b]
V  [jvm.dll+0x1e05b1]
V  [jvm.dll+0x53bb80]
V  [jvm.dll+0x1f0da7]
V  [jvm.dll+0x7aae5b]
V  [jvm.dll+0x7ac202]
V  [jvm.dll+0x7ac538]
V  [jvm.dll+0x23d79e]
V  [jvm.dll+0x23d9ef]
V  [jvm.dll+0x559208]
V  [jvm.dll+0x55c070]
V  [jvm.dll+0x382dc7]
V  [jvm.dll+0x38241f]
C  0x0000020a39ca6162

Java frames: (J=compiled Java code, j=interpreted, Vv=VM code)
j  java.time.temporal.ChronoUnit.<clinit>()V+10 java.base@17.0.3
v  ~StubRoutines::call_stub
j  java.util.concurrent.TimeUnit$1.<clinit>()V+0 java.base@17.0.3
v  ~StubRoutines::call_stub
j  java.util.concurrent.TimeUnit.convert(JLjava/util/concurrent/TimeUnit;)J+0 java.base@17.0.3
j  javax.swing.TimerQueue$DelayedTimer.getDelay(Ljava/util/concurrent/TimeUnit;)J+12 java.desktop@17.0.3
j  java.util.concurrent.DelayQueue.take()Ljava/util/concurrent/Delayed;+40 java.base@17.0.3
j  javax.swing.TimerQueue.run()V+20 java.desktop@17.0.3
j  java.lang.Thread.run()V+11 java.base@17.0.3
v  ~StubRoutines::call_stub

---------------  P R O C E S S  ---------------

Threads class SMR info:
_java_thread_list=0x0000020a51d5a480, length=21, elements={
0x0000020a4f7e8f40, 0x0000020a4f7ec980, 0x0000020a4f82ba60, 0x0000020a4f82d490,
0x0000020a4f82dd50, 0x0000020a4f836620, 0x0000020a4f83a7c0, 0x0000020a4f83b170,
0x0000020a4f83c250, 0x0000020a5057eeb0, 0x0000020a50584540, 0x0000020a5058ae60,
0x0000020a5058f940, 0x0000020a50599470, 0x0000020a50bb40e0, 0x0000020a50bb47a0,
0x0000020a50bb4e60, 0x0000020a50c7f860, 0x0000020a36ff47d0, 0x0000020a51163280,
0x0000020a51cc3c20
}

Java Threads: ( => current thread )
  0x0000020a4f7e8f40 JavaThread "Reference Handler" daemon [_thread_blocked, id=20100, stack(0x00000095de700000,0x00000095de800000)]
  0x0000020a4f7ec980 JavaThread "Finalizer" daemon [_thread_blocked, id=14868, stack(0x00000095de800000,0x00000095de900000)]
  0x0000020a4f82ba60 JavaThread "Signal Dispatcher" daemon [_thread_blocked, id=9304, stack(0x00000095de900000,0x00000095dea00000)]
  0x0000020a4f82d490 JavaThread "Attach Listener" daemon [_thread_blocked, id=9636, stack(0x00000095dea00000,0x00000095deb00000)]
  0x0000020a4f82dd50 JavaThread "Service Thread" daemon [_thread_blocked, id=14164, stack(0x00000095deb00000,0x00000095dec00000)]
  0x0000020a4f836620 JavaThread "Monitor Deflation Thread" daemon [_thread_blocked, id=9172, stack(0x00000095dec00000,0x00000095ded00000)]
  0x0000020a4f83a7c0 JavaThread "C2 CompilerThread0" daemon [_thread_in_native, id=21700, stack(0x00000095ded00000,0x00000095dee00000)]
  0x0000020a4f83b170 JavaThread "C1 CompilerThread0" daemon [_thread_blocked, id=14384, stack(0x00000095dee00000,0x00000095def00000)]
  0x0000020a4f83c250 JavaThread "Sweeper thread" daemon [_thread_blocked, id=24440, stack(0x00000095def00000,0x00000095df000000)]
  0x0000020a5057eeb0 JavaThread "JDWP Transport Listener: dt_socket" daemon [_thread_blocked, id=22632, stack(0x00000095df100000,0x00000095df200000)]
  0x0000020a50584540 JavaThread "JDWP Event Helper Thread" daemon [_thread_blocked, id=21972, stack(0x00000095df200000,0x00000095df300000)]
  0x0000020a5058ae60 JavaThread "JDWP Command Reader" daemon [_thread_in_native, id=22908, stack(0x00000095df300000,0x00000095df400000)]
  0x0000020a5058f940 JavaThread "Notification Thread" daemon [_thread_blocked, id=21792, stack(0x00000095df400000,0x00000095df500000)]
  0x0000020a50599470 JavaThread "Common-Cleaner" daemon [_thread_blocked, id=13808, stack(0x00000095df600000,0x00000095df700000)]
  0x0000020a50bb40e0 JavaThread "Java2D Disposer" daemon [_thread_blocked, id=11824, stack(0x00000095df700000,0x00000095df800000)]
  0x0000020a50bb47a0 JavaThread "AWT-Shutdown" [_thread_blocked, id=23560, stack(0x00000095df800000,0x00000095df900000)]
  0x0000020a50bb4e60 JavaThread "AWT-Windows" daemon [_thread_in_native, id=14044, stack(0x00000095df900000,0x00000095dfa00000)]
  0x0000020a50c7f860 JavaThread "AWT-EventQueue-0" [_thread_in_vm, id=20228, stack(0x00000095dfb00000,0x00000095dfc00000)]
  0x0000020a36ff47d0 JavaThread "DestroyJavaVM" [_thread_blocked, id=19640, stack(0x00000095de000000,0x00000095de100000)]
  0x0000020a51163280 JavaThread "Image Fetcher 0" daemon [_thread_blocked, id=24252, stack(0x00000095dfc00000,0x00000095dfd00000)]
=>0x0000020a51cc3c20 JavaThread "TimerQueue" daemon [_thread_in_vm, id=15444, stack(0x00000095dfd00000,0x00000095dfe00000)]

Other Threads:
  0x0000020a4f7c3b40 VMThread "VM Thread" [stack: 0x00000095de600000,0x00000095de700000] [id=12144]
  0x0000020a5058fe10 WatcherThread [stack: 0x00000095df500000,0x00000095df600000] [id=23332]
  0x0000020a37047920 GCTaskThread "GC Thread#0" [stack: 0x00000095de100000,0x00000095de200000] [id=21996]
  0x0000020a51e32e70 GCTaskThread "GC Thread#1" [stack: 0x00000095dfa00000,0x00000095dfb00000] [id=15824]
  0x0000020a51e37130 GCTaskThread "GC Thread#2" [stack: 0x00000095e0100000,0x00000095e0200000] [id=11892]
  0x0000020a51e393f0 GCTaskThread "GC Thread#3" [stack: 0x00000095e0200000,0x00000095e0300000] [id=16960]
  0x0000020a370573b0 ConcurrentGCThread "G1 Main Marker" [stack: 0x00000095de200000,0x00000095de300000] [id=13792]
  0x0000020a37057bd0 ConcurrentGCThread "G1 Conc#0" [stack: 0x00000095de300000,0x00000095de400000] [id=13016]
  0x0000020a370c4880 ConcurrentGCThread "G1 Refine#0" [stack: 0x00000095de400000,0x00000095de500000] [id=9364]
  0x0000020a370c50b0 ConcurrentGCThread "G1 Service" [stack: 0x00000095de500000,0x00000095de600000] [id=21320]

Threads with active compile tasks:
C2 CompilerThread0     2431 1264 %     4       sun.java2d.marlin.MarlinCache::copyAARowRLE_WithBlockFlags @ 269 (733 bytes)

VM state: not at safepoint (normal execution)

VM Mutex/Monitor currently owned by a thread:  ([mutex/lock_event])
[0x0000020a36fef900] Metaspace_lock - owner thread: 0x0000020a51cc3c20

Heap address: 0x0000000089600000, size: 1898 MB, Compressed Oops mode: 32-bit

CDS archive(s) not mapped
Compressed class space mapped at: 0x0000000100000000-0x0000000140000000, reserved size: 1073741824
Narrow klass base: 0x0000000000000000, Narrow klass shift: 3, Narrow klass range: 0x140000000

GC Precious Log:
 CPUs: 4 total, 4 available
 Memory: 7591M
 Large Page Support: Disabled
 NUMA Support: Disabled
 Compressed Oops: Enabled (32-bit)
 Heap Region Size: 1M
 Heap Min Capacity: 8M
 Heap Initial Capacity: 120M
 Heap Max Capacity: 1898M
 Pre-touch: Disabled
 Parallel Workers: 4
 Concurrent Workers: 1
 Concurrent Refinement Workers: 4
 Periodic GC: Disabled

Heap:
 garbage-first heap   total 122880K, used 9115K [0x0000000089600000, 0x0000000100000000)
  region size 1024K, 4 young (4096K), 2 survivors (2048K)
 Metaspace       used 16293K, committed 16512K, reserved 1064960K
  class space    used 1899K, committed 1984K, reserved 1048576K

Heap Regions: E=young(eden), S=young(survivor), O=old, HS=humongous(starts), HC=humongous(continues), CS=collection set, F=free, OA=open archive, CA=closed archive, TAMS=top-at-mark-start (previous, next)
|   0|0x0000000089600000, 0x0000000089700000, 0x0000000089700000|100%|HS|  |TAMS 0x0000000089600000, 0x0000000089600000| Complete 
|   1|0x0000000089700000, 0x0000000089800000, 0x0000000089800000|100%|HC|  |TAMS 0x0000000089700000, 0x0000000089700000| Complete 
|   2|0x0000000089800000, 0x0000000089900000, 0x0000000089900000|100%|HS|  |TAMS 0x0000000089800000, 0x0000000089800000| Complete 
|   3|0x0000000089900000, 0x0000000089a00000, 0x0000000089a00000|100%|HC|  |TAMS 0x0000000089900000, 0x0000000089900000| Complete 
|   4|0x0000000089a00000, 0x0000000089b00000, 0x0000000089b00000|100%|HC|  |TAMS 0x0000000089a00000, 0x0000000089a00000| Complete 
|   5|0x0000000089b00000, 0x0000000089be6c00, 0x0000000089c00000| 90%| O|  |TAMS 0x0000000089b00000, 0x0000000089b00000| Untracked 
|   6|0x0000000089c00000, 0x0000000089c00000, 0x0000000089d00000|  0%| F|  |TAMS 0x0000000089c00000, 0x0000000089c00000| Untracked 
|   7|0x0000000089d00000, 0x0000000089d00000, 0x0000000089e00000|  0%| F|  |TAMS 0x0000000089d00000, 0x0000000089d00000| Untracked 
|   8|0x0000000089e00000, 0x0000000089e00000, 0x0000000089f00000|  0%| F|  |TAMS 0x0000000089e00000, 0x0000000089e00000| Untracked 
|   9|0x0000000089f00000, 0x0000000089f00000, 0x000000008a000000|  0%| F|  |TAMS 0x0000000089f00000, 0x0000000089f00000| Untracked 
|  10|0x000000008a000000, 0x000000008a000000, 0x000000008a100000|  0%| F|  |TAMS 0x000000008a000000, 0x000000008a000000| Untracked 
|  11|0x000000008a100000, 0x000000008a100000, 0x000000008a200000|  0%| F|  |TAMS 0x000000008a100000, 0x000000008a100000| Untracked 
|  12|0x000000008a200000, 0x000000008a200000, 0x000000008a300000|  0%| F|  |TAMS 0x000000008a200000, 0x000000008a200000| Untracked 
|  13|0x000000008a300000, 0x000000008a300000, 0x000000008a400000|  0%| F|  |TAMS 0x000000008a300000, 0x000000008a300000| Untracked 
|  14|0x000000008a400000, 0x000000008a400000, 0x000000008a500000|  0%| F|  |TAMS 0x000000008a400000, 0x000000008a400000| Untracked 
|  15|0x000000008a500000, 0x000000008a500000, 0x000000008a600000|  0%| F|  |TAMS 0x000000008a500000, 0x000000008a500000| Untracked 
|  16|0x000000008a600000, 0x000000008a600000, 0x000000008a700000|  0%| F|  |TAMS 0x000000008a600000, 0x000000008a600000| Untracked 
|  17|0x000000008a700000, 0x000000008a700000, 0x000000008a800000|  0%| F|  |TAMS 0x000000008a700000, 0x000000008a700000| Untracked 
|  18|0x000000008a800000, 0x000000008a800000, 0x000000008a900000|  0%| F|  |TAMS 0x000000008a800000, 0x000000008a800000| Untracked 
|  19|0x000000008a900000, 0x000000008a900000, 0x000000008aa00000|  0%| F|  |TAMS 0x000000008a900000, 0x000000008a900000| Untracked 
|  20|0x000000008aa00000, 0x000000008aa00000, 0x000000008ab00000|  0%| F|  |TAMS 0x000000008aa00000, 0x000000008aa00000| Untracked 
|  21|0x000000008ab00000, 0x000000008ab00000, 0x000000008ac00000|  0%| F|  |TAMS 0x000000008ab00000, 0x000000008ab00000| Untracked 
|  22|0x000000008ac00000, 0x000000008ac00000, 0x000000008ad00000|  0%| F|  |TAMS 0x000000008ac00000, 0x000000008ac00000| Untracked 
|  23|0x000000008ad00000, 0x000000008ad00000, 0x000000008ae00000|  0%| F|  |TAMS 0x000000008ad00000, 0x000000008ad00000| Untracked 
|  24|0x000000008ae00000, 0x000000008ae00000, 0x000000008af00000|  0%| F|  |TAMS 0x000000008ae00000, 0x000000008ae00000| Untracked 
|  25|0x000000008af00000, 0x000000008af00000, 0x000000008b000000|  0%| F|  |TAMS 0x000000008af00000, 0x000000008af00000| Untracked 
|  26|0x000000008b000000, 0x000000008b000000, 0x000000008b100000|  0%| F|  |TAMS 0x000000008b000000, 0x000000008b000000| Untracked 
|  27|0x000000008b100000, 0x000000008b100000, 0x000000008b200000|  0%| F|  |TAMS 0x000000008b100000, 0x000000008b100000| Untracked 
|  28|0x000000008b200000, 0x000000008b200000, 0x000000008b300000|  0%| F|  |TAMS 0x000000008b200000, 0x000000008b200000| Untracked 
|  29|0x000000008b300000, 0x000000008b300000, 0x000000008b400000|  0%| F|  |TAMS 0x000000008b300000, 0x000000008b300000| Untracked 
|  30|0x000000008b400000, 0x000000008b400000, 0x000000008b500000|  0%| F|  |TAMS 0x000000008b400000, 0x000000008b400000| Untracked 
|  31|0x000000008b500000, 0x000000008b500000, 0x000000008b600000|  0%| F|  |TAMS 0x000000008b500000, 0x000000008b500000| Untracked 
|  32|0x000000008b600000, 0x000000008b600000, 0x000000008b700000|  0%| F|  |TAMS 0x000000008b600000, 0x000000008b600000| Untracked 
|  33|0x000000008b700000, 0x000000008b700000, 0x000000008b800000|  0%| F|  |TAMS 0x000000008b700000, 0x000000008b700000| Untracked 
|  34|0x000000008b800000, 0x000000008b800000, 0x000000008b900000|  0%| F|  |TAMS 0x000000008b800000, 0x000000008b800000| Untracked 
|  35|0x000000008b900000, 0x000000008b900000, 0x000000008ba00000|  0%| F|  |TAMS 0x000000008b900000, 0x000000008b900000| Untracked 
|  36|0x000000008ba00000, 0x000000008ba00000, 0x000000008bb00000|  0%| F|  |TAMS 0x000000008ba00000, 0x000000008ba00000| Untracked 
|  37|0x000000008bb00000, 0x000000008bb00000, 0x000000008bc00000|  0%| F|  |TAMS 0x000000008bb00000, 0x000000008bb00000| Untracked 
|  38|0x000000008bc00000, 0x000000008bc00000, 0x000000008bd00000|  0%| F|  |TAMS 0x000000008bc00000, 0x000000008bc00000| Untracked 
|  39|0x000000008bd00000, 0x000000008bd00000, 0x000000008be00000|  0%| F|  |TAMS 0x000000008bd00000, 0x000000008bd00000| Untracked 
|  40|0x000000008be00000, 0x000000008be00000, 0x000000008bf00000|  0%| F|  |TAMS 0x000000008be00000, 0x000000008be00000| Untracked 
|  41|0x000000008bf00000, 0x000000008bf00000, 0x000000008c000000|  0%| F|  |TAMS 0x000000008bf00000, 0x000000008bf00000| Untracked 
|  42|0x000000008c000000, 0x000000008c000000, 0x000000008c100000|  0%| F|  |TAMS 0x000000008c000000, 0x000000008c000000| Untracked 
|  43|0x000000008c100000, 0x000000008c100000, 0x000000008c200000|  0%| F|  |TAMS 0x000000008c100000, 0x000000008c100000| Untracked 
|  44|0x000000008c200000, 0x000000008c200000, 0x000000008c300000|  0%| F|  |TAMS 0x000000008c200000, 0x000000008c200000| Untracked 
|  45|0x000000008c300000, 0x000000008c300000, 0x000000008c400000|  0%| F|  |TAMS 0x000000008c300000, 0x000000008c300000| Untracked 
|  46|0x000000008c400000, 0x000000008c400000, 0x000000008c500000|  0%| F|  |TAMS 0x000000008c400000, 0x000000008c400000| Untracked 
|  47|0x000000008c500000, 0x000000008c500000, 0x000000008c600000|  0%| F|  |TAMS 0x000000008c500000, 0x000000008c500000| Untracked 
|  48|0x000000008c600000, 0x000000008c600000, 0x000000008c700000|  0%| F|  |TAMS 0x000000008c600000, 0x000000008c600000| Untracked 
|  49|0x000000008c700000, 0x000000008c700000, 0x000000008c800000|  0%| F|  |TAMS 0x000000008c700000, 0x000000008c700000| Untracked 
|  50|0x000000008c800000, 0x000000008c800000, 0x000000008c900000|  0%| F|  |TAMS 0x000000008c800000, 0x000000008c800000| Untracked 
|  51|0x000000008c900000, 0x000000008c900000, 0x000000008ca00000|  0%| F|  |TAMS 0x000000008c900000, 0x000000008c900000| Untracked 
|  52|0x000000008ca00000, 0x000000008ca00000, 0x000000008cb00000|  0%| F|  |TAMS 0x000000008ca00000, 0x000000008ca00000| Untracked 
|  53|0x000000008cb00000, 0x000000008cb00000, 0x000000008cc00000|  0%| F|  |TAMS 0x000000008cb00000, 0x000000008cb00000| Untracked 
|  54|0x000000008cc00000, 0x000000008cc00000, 0x000000008cd00000|  0%| F|  |TAMS 0x000000008cc00000, 0x000000008cc00000| Untracked 
|  55|0x000000008cd00000, 0x000000008cd00000, 0x000000008ce00000|  0%| F|  |TAMS 0x000000008cd00000, 0x000000008cd00000| Untracked 
|  56|0x000000008ce00000, 0x000000008ce00000, 0x000000008cf00000|  0%| F|  |TAMS 0x000000008ce00000, 0x000000008ce00000| Untracked 
|  57|0x000000008cf00000, 0x000000008cf00000, 0x000000008d000000|  0%| F|  |TAMS 0x000000008cf00000, 0x000000008cf00000| Untracked 
|  58|0x000000008d000000, 0x000000008d000000, 0x000000008d100000|  0%| F|  |TAMS 0x000000008d000000, 0x000000008d000000| Untracked 
|  59|0x000000008d100000, 0x000000008d100000, 0x000000008d200000|  0%| F|  |TAMS 0x000000008d100000, 0x000000008d100000| Untracked 
|  60|0x000000008d200000, 0x000000008d200000, 0x000000008d300000|  0%| F|  |TAMS 0x000000008d200000, 0x000000008d200000| Untracked 
|  61|0x000000008d300000, 0x000000008d300000, 0x000000008d400000|  0%| F|  |TAMS 0x000000008d300000, 0x000000008d300000| Untracked 
|  62|0x000000008d400000, 0x000000008d400000, 0x000000008d500000|  0%| F|  |TAMS 0x000000008d400000, 0x000000008d400000| Untracked 
|  63|0x000000008d500000, 0x000000008d500000, 0x000000008d600000|  0%| F|  |TAMS 0x000000008d500000, 0x000000008d500000| Untracked 
|  64|0x000000008d600000, 0x000000008d600000, 0x000000008d700000|  0%| F|  |TAMS 0x000000008d600000, 0x000000008d600000| Untracked 
|  65|0x000000008d700000, 0x000000008d700000, 0x000000008d800000|  0%| F|  |TAMS 0x000000008d700000, 0x000000008d700000| Untracked 
|  66|0x000000008d800000, 0x000000008d800000, 0x000000008d900000|  0%| F|  |TAMS 0x000000008d800000, 0x000000008d800000| Untracked 
|  67|0x000000008d900000, 0x000000008d900000, 0x000000008da00000|  0%| F|  |TAMS 0x000000008d900000, 0x000000008d900000| Untracked 
|  68|0x000000008da00000, 0x000000008da00000, 0x000000008db00000|  0%| F|  |TAMS 0x000000008da00000, 0x000000008da00000| Untracked 
|  69|0x000000008db00000, 0x000000008db00000, 0x000000008dc00000|  0%| F|  |TAMS 0x000000008db00000, 0x000000008db00000| Untracked 
|  70|0x000000008dc00000, 0x000000008dc00000, 0x000000008dd00000|  0%| F|  |TAMS 0x000000008dc00000, 0x000000008dc00000| Untracked 
|  71|0x000000008dd00000, 0x000000008dd00000, 0x000000008de00000|  0%| F|  |TAMS 0x000000008dd00000, 0x000000008dd00000| Untracked 
|  72|0x000000008de00000, 0x000000008de00000, 0x000000008df00000|  0%| F|  |TAMS 0x000000008de00000, 0x000000008de00000| Untracked 
|  73|0x000000008df00000, 0x000000008df00000, 0x000000008e000000|  0%| F|  |TAMS 0x000000008df00000, 0x000000008df00000| Untracked 
|  74|0x000000008e000000, 0x000000008e000000, 0x000000008e100000|  0%| F|  |TAMS 0x000000008e000000, 0x000000008e000000| Untracked 
|  75|0x000000008e100000, 0x000000008e100000, 0x000000008e200000|  0%| F|  |TAMS 0x000000008e100000, 0x000000008e100000| Untracked 
|  76|0x000000008e200000, 0x000000008e200000, 0x000000008e300000|  0%| F|  |TAMS 0x000000008e200000, 0x000000008e200000| Untracked 
|  77|0x000000008e300000, 0x000000008e300000, 0x000000008e400000|  0%| F|  |TAMS 0x000000008e300000, 0x000000008e300000| Untracked 
|  78|0x000000008e400000, 0x000000008e400000, 0x000000008e500000|  0%| F|  |TAMS 0x000000008e400000, 0x000000008e400000| Untracked 
|  79|0x000000008e500000, 0x000000008e500000, 0x000000008e600000|  0%| F|  |TAMS 0x000000008e500000, 0x000000008e500000| Untracked 
|  80|0x000000008e600000, 0x000000008e600000, 0x000000008e700000|  0%| F|  |TAMS 0x000000008e600000, 0x000000008e600000| Untracked 
|  81|0x000000008e700000, 0x000000008e700000, 0x000000008e800000|  0%| F|  |TAMS 0x000000008e700000, 0x000000008e700000| Untracked 
|  82|0x000000008e800000, 0x000000008e800000, 0x000000008e900000|  0%| F|  |TAMS 0x000000008e800000, 0x000000008e800000| Untracked 
|  83|0x000000008e900000, 0x000000008e900000, 0x000000008ea00000|  0%| F|  |TAMS 0x000000008e900000, 0x000000008e900000| Untracked 
|  84|0x000000008ea00000, 0x000000008ea00000, 0x000000008eb00000|  0%| F|  |TAMS 0x000000008ea00000, 0x000000008ea00000| Untracked 
|  85|0x000000008eb00000, 0x000000008eb00000, 0x000000008ec00000|  0%| F|  |TAMS 0x000000008eb00000, 0x000000008eb00000| Untracked 
|  86|0x000000008ec00000, 0x000000008ec00000, 0x000000008ed00000|  0%| F|  |TAMS 0x000000008ec00000, 0x000000008ec00000| Untracked 
|  87|0x000000008ed00000, 0x000000008ed00000, 0x000000008ee00000|  0%| F|  |TAMS 0x000000008ed00000, 0x000000008ed00000| Untracked 
|  88|0x000000008ee00000, 0x000000008ee00000, 0x000000008ef00000|  0%| F|  |TAMS 0x000000008ee00000, 0x000000008ee00000| Untracked 
|  89|0x000000008ef00000, 0x000000008ef00000, 0x000000008f000000|  0%| F|  |TAMS 0x000000008ef00000, 0x000000008ef00000| Untracked 
|  90|0x000000008f000000, 0x000000008f000000, 0x000000008f100000|  0%| F|  |TAMS 0x000000008f000000, 0x000000008f000000| Untracked 
|  91|0x000000008f100000, 0x000000008f100000, 0x000000008f200000|  0%| F|  |TAMS 0x000000008f100000, 0x000000008f100000| Untracked 
|  92|0x000000008f200000, 0x000000008f200000, 0x000000008f300000|  0%| F|  |TAMS 0x000000008f200000, 0x000000008f200000| Untracked 
|  93|0x000000008f300000, 0x000000008f300000, 0x000000008f400000|  0%| F|  |TAMS 0x000000008f300000, 0x000000008f300000| Untracked 
|  94|0x000000008f400000, 0x000000008f400000, 0x000000008f500000|  0%| F|  |TAMS 0x000000008f400000, 0x000000008f400000| Untracked 
|  95|0x000000008f500000, 0x000000008f500000, 0x000000008f600000|  0%| F|  |TAMS 0x000000008f500000, 0x000000008f500000| Untracked 
|  96|0x000000008f600000, 0x000000008f600000, 0x000000008f700000|  0%| F|  |TAMS 0x000000008f600000, 0x000000008f600000| Untracked 
|  97|0x000000008f700000, 0x000000008f700000, 0x000000008f800000|  0%| F|  |TAMS 0x000000008f700000, 0x000000008f700000| Untracked 
|  98|0x000000008f800000, 0x000000008f800000, 0x000000008f900000|  0%| F|  |TAMS 0x000000008f800000, 0x000000008f800000| Untracked 
|  99|0x000000008f900000, 0x000000008f900000, 0x000000008fa00000|  0%| F|  |TAMS 0x000000008f900000, 0x000000008f900000| Untracked 
| 100|0x000000008fa00000, 0x000000008fa00000, 0x000000008fb00000|  0%| F|  |TAMS 0x000000008fa00000, 0x000000008fa00000| Untracked 
| 101|0x000000008fb00000, 0x000000008fb00000, 0x000000008fc00000|  0%| F|  |TAMS 0x000000008fb00000, 0x000000008fb00000| Untracked 
| 102|0x000000008fc00000, 0x000000008fc00000, 0x000000008fd00000|  0%| F|  |TAMS 0x000000008fc00000, 0x000000008fc00000| Untracked 
| 103|0x000000008fd00000, 0x000000008fd00000, 0x000000008fe00000|  0%| F|  |TAMS 0x000000008fd00000, 0x000000008fd00000| Untracked 
| 104|0x000000008fe00000, 0x000000008fe00000, 0x000000008ff00000|  0%| F|  |TAMS 0x000000008fe00000, 0x000000008fe00000| Untracked 
| 105|0x000000008ff00000, 0x0000000090000000, 0x0000000090000000|100%| S|CS|TAMS 0x000000008ff00000, 0x000000008ff00000| Complete 
| 106|0x0000000090000000, 0x0000000090100000, 0x0000000090100000|100%| S|CS|TAMS 0x0000000090000000, 0x0000000090000000| Complete 
| 107|0x0000000090100000, 0x0000000090100000, 0x0000000090200000|  0%| F|  |TAMS 0x0000000090100000, 0x0000000090100000| Untracked 
| 108|0x0000000090200000, 0x0000000090200000, 0x0000000090300000|  0%| F|  |TAMS 0x0000000090200000, 0x0000000090200000| Untracked 
| 109|0x0000000090300000, 0x0000000090300000, 0x0000000090400000|  0%| F|  |TAMS 0x0000000090300000, 0x0000000090300000| Untracked 
| 110|0x0000000090400000, 0x0000000090400000, 0x0000000090500000|  0%| F|  |TAMS 0x0000000090400000, 0x0000000090400000| Untracked 
| 111|0x0000000090500000, 0x0000000090500000, 0x0000000090600000|  0%| F|  |TAMS 0x0000000090500000, 0x0000000090500000| Untracked 
| 112|0x0000000090600000, 0x0000000090600000, 0x0000000090700000|  0%| F|  |TAMS 0x0000000090600000, 0x0000000090600000| Untracked 
| 113|0x0000000090700000, 0x0000000090700000, 0x0000000090800000|  0%| F|  |TAMS 0x0000000090700000, 0x0000000090700000| Untracked 
| 114|0x0000000090800000, 0x0000000090800000, 0x0000000090900000|  0%| F|  |TAMS 0x0000000090800000, 0x0000000090800000| Untracked 
| 115|0x0000000090900000, 0x0000000090900000, 0x0000000090a00000|  0%| F|  |TAMS 0x0000000090900000, 0x0000000090900000| Untracked 
| 116|0x0000000090a00000, 0x0000000090a00000, 0x0000000090b00000|  0%| F|  |TAMS 0x0000000090a00000, 0x0000000090a00000| Untracked 
| 117|0x0000000090b00000, 0x0000000090b00000, 0x0000000090c00000|  0%| F|  |TAMS 0x0000000090b00000, 0x0000000090b00000| Untracked 
| 118|0x0000000090c00000, 0x0000000090c622a8, 0x0000000090d00000| 38%| E|  |TAMS 0x0000000090c00000, 0x0000000090c00000| Complete 
| 119|0x0000000090d00000, 0x0000000090e00000, 0x0000000090e00000|100%| E|CS|TAMS 0x0000000090d00000, 0x0000000090d00000| Complete 

Card table byte_map: [0x0000020a49040000,0x0000020a49400000] _byte_map_base: 0x0000020a48bf5000

Marking Bits (Prev, Next): (CMBitMap*) 0x0000020a37047d40, (CMBitMap*) 0x0000020a37047d80
 Prev Bits: [0x0000020a497c0000, 0x0000020a4b568000)
 Next Bits: [0x0000020a4b570000, 0x0000020a4d318000)

Polling page: 0x0000020a34e50000

Metaspace:

Usage:
  Non-class:     14.06 MB used.
      Class:      1.86 MB used.
       Both:     15.91 MB used.

Virtual space:
  Non-class space:       16.00 MB reserved,      14.19 MB ( 89%) committed,  2 nodes.
      Class space:        1.00 GB reserved,       1.94 MB ( <1%) committed,  1 nodes.
             Both:        1.02 GB reserved,      16.12 MB (  2%) committed. 

Chunk freelists:
   Non-Class:  1023.00 KB
       Class:  2.04 MB
        Both:  3.04 MB

MaxMetaspaceSize: unlimited
CompressedClassSpaceSize: 1.00 GB
Initial GC threshold: 21.00 MB
Current GC threshold: 21.00 MB
CDS: off
MetaspaceReclaimPolicy: balanced
 - commit_granule_bytes: 65536.
 - commit_granule_words: 8192.
 - virtual_space_node_default_size: 1048576.
 - enlarge_chunks_in_place: 1.
 - new_chunks_are_fully_committed: 0.
 - uncommit_free_chunks: 1.
 - use_allocation_guard: 0.
 - handle_deallocations: 1.


Internal statistics:

num_allocs_failed_limit: 0.
num_arena_births: 150.
num_arena_deaths: 0.
num_vsnodes_births: 3.
num_vsnodes_deaths: 0.
num_space_committed: 258.
num_space_uncommitted: 0.
num_chunks_returned_to_freelist: 0.
num_chunks_taken_from_freelist: 268.
num_chunk_merges: 0.
num_chunk_splits: 146.
num_chunks_enlarged: 84.
num_purges: 0.
num_inconsistent_stats: 0.

CodeHeap 'non-profiled nmethods': size=120000Kb used=371Kb max_used=371Kb free=119628Kb
 bounds [0x0000020a41750000, 0x0000020a419c0000, 0x0000020a48c80000]
CodeHeap 'profiled nmethods': size=120000Kb used=2167Kb max_used=2167Kb free=117832Kb
 bounds [0x0000020a3a220000, 0x0000020a3a490000, 0x0000020a41750000]
CodeHeap 'non-nmethods': size=5760Kb used=1393Kb max_used=1419Kb free=4367Kb
 bounds [0x0000020a39c80000, 0x0000020a39ef0000, 0x0000020a3a220000]
 total_blobs=1931 nmethods=1263 adapters=581
 compilation: enabled
              stopped_count=0, restarted_count=0
 full_count=0

Compilation events (20 events):
Event: 2.307 Thread 0x0000020a4f83b170 1257       3       sun.java2d.marlin.MarlinTileGenerator::nextTile (72 bytes)
Event: 2.307 Thread 0x0000020a4f83b170 nmethod 1257 0x0000020a3a439610 code [0x0000020a3a4397c0, 0x0000020a3a4399c8]
Event: 2.307 Thread 0x0000020a4f83b170 1259       3       sun.java2d.SunGraphics2D::invalidatePipe (41 bytes)
Event: 2.307 Thread 0x0000020a4f83b170 nmethod 1259 0x0000020a3a439a90 code [0x0000020a3a439c40, 0x0000020a3a439f58]
Event: 2.307 Thread 0x0000020a4f83b170 1255       3       sun.java2d.pipe.AlphaColorPipe::renderPathTile (39 bytes)
Event: 2.308 Thread 0x0000020a4f83b170 nmethod 1255 0x0000020a3a43a010 code [0x0000020a3a43a1c0, 0x0000020a3a43a4a8]
Event: 2.308 Thread 0x0000020a4f83b170 1258   !   3       sun.font.FileFontStrike::getCachedGlyphPtr (27 bytes)
Event: 2.308 Thread 0x0000020a4f83b170 nmethod 1258 0x0000020a3a43a610 code [0x0000020a3a43a820, 0x0000020a3a43ae18]
Event: 2.309 Thread 0x0000020a4f83a7c0 nmethod 1247% 0x0000020a417a8590 code [0x0000020a417a8720, 0x0000020a417a8938]
Event: 2.311 Thread 0x0000020a4f83b170 1260       3       sun.util.locale.LocaleUtils::isUpper (18 bytes)
Event: 2.311 Thread 0x0000020a4f83b170 nmethod 1260 0x0000020a3a43b090 code [0x0000020a3a43b220, 0x0000020a3a43b398]
Event: 2.326 Thread 0x0000020a4f83b170 1261       1       java.awt.Component::getComponentOrientation (5 bytes)
Event: 2.326 Thread 0x0000020a4f83b170 nmethod 1261 0x0000020a417a8a90 code [0x0000020a417a8c20, 0x0000020a417a8cf8]
Event: 2.328 Thread 0x0000020a4f83b170 1262       3       java.security.AccessControlContext::optimize (319 bytes)
Event: 2.331 Thread 0x0000020a4f83b170 nmethod 1262 0x0000020a3a43b410 code [0x0000020a3a43b780, 0x0000020a3a43cdf8]
Event: 2.331 Thread 0x0000020a4f83b170 1263       1       java.awt.geom.AffineTransform::getScaleX (5 bytes)
Event: 2.331 Thread 0x0000020a4f83b170 nmethod 1263 0x0000020a417a8d90 code [0x0000020a417a8f20, 0x0000020a417a8ff8]
Event: 2.331 Thread 0x0000020a4f83a7c0 1264 %     4       sun.java2d.marlin.MarlinCache::copyAARowRLE_WithBlockFlags @ 269 (733 bytes)
Event: 2.331 Thread 0x0000020a4f83b170 1265       3       sun.java2d.marlin.MarlinCache::touchTile (163 bytes)
Event: 2.332 Thread 0x0000020a4f83b170 nmethod 1265 0x0000020a3a43d490 code [0x0000020a3a43d660, 0x0000020a3a43da98]

GC Heap History (2 events):
Event: 2.194 GC heap before
{Heap before GC invocations=0 (full 0):
 garbage-first heap   total 122880K, used 17408K [0x0000000089600000, 0x0000000100000000)
  region size 1024K, 13 young (13312K), 0 survivors (0K)
 Metaspace       used 16073K, committed 16320K, reserved 1064960K
  class space    used 1873K, committed 1984K, reserved 1048576K
}
Event: 2.210 GC heap after
{Heap after GC invocations=1 (full 0):
 garbage-first heap   total 122880K, used 8091K [0x0000000089600000, 0x0000000100000000)
  region size 1024K, 2 young (2048K), 2 survivors (2048K)
 Metaspace       used 16073K, committed 16320K, reserved 1064960K
  class space    used 1873K, committed 1984K, reserved 1048576K
}

Deoptimization events (20 events):
Event: 1.390 Thread 0x0000020a36ff47d0 Uncommon trap: trap_request=0xffffffde fr.pc=0x0000020a41777510 relative=0x0000000000000190
Event: 1.390 Thread 0x0000020a36ff47d0 Uncommon trap: reason=class_check action=maybe_recompile pc=0x0000020a41777510 method=java.lang.String.equals(Ljava/lang/Object;)Z @ 8 c2
Event: 1.390 Thread 0x0000020a36ff47d0 DEOPT PACKING pc=0x0000020a41777510 sp=0x00000095de0fecf0
Event: 1.390 Thread 0x0000020a36ff47d0 DEOPT UNPACKING pc=0x0000020a39cd23a3 sp=0x00000095de0fec88 mode 2
Event: 1.902 Thread 0x0000020a50c7f860 Uncommon trap: trap_request=0xffffffc6 fr.pc=0x0000020a4178f2f4 relative=0x0000000000000714
Event: 1.902 Thread 0x0000020a50c7f860 Uncommon trap: reason=bimorphic_or_optimized_type_check action=maybe_recompile pc=0x0000020a4178f2f4 method=java.util.concurrent.ConcurrentHashMap.get(Ljava/lang/Object;)Ljava/lang/Object; @ 149 c2
Event: 1.902 Thread 0x0000020a50c7f860 DEOPT PACKING pc=0x0000020a4178f2f4 sp=0x00000095dfbfd710
Event: 1.902 Thread 0x0000020a50c7f860 DEOPT UNPACKING pc=0x0000020a39cd23a3 sp=0x00000095dfbfd6f0 mode 2
Event: 1.902 Thread 0x0000020a50c7f860 Uncommon trap: trap_request=0xffffffc6 fr.pc=0x0000020a4178f2f4 relative=0x0000000000000714
Event: 1.902 Thread 0x0000020a50c7f860 Uncommon trap: reason=bimorphic_or_optimized_type_check action=maybe_recompile pc=0x0000020a4178f2f4 method=java.util.concurrent.ConcurrentHashMap.get(Ljava/lang/Object;)Ljava/lang/Object; @ 149 c2
Event: 1.902 Thread 0x0000020a50c7f860 DEOPT PACKING pc=0x0000020a4178f2f4 sp=0x00000095dfbfd690
Event: 1.902 Thread 0x0000020a50c7f860 DEOPT UNPACKING pc=0x0000020a39cd23a3 sp=0x00000095dfbfd670 mode 2
Event: 1.903 Thread 0x0000020a50c7f860 Uncommon trap: trap_request=0xffffffc6 fr.pc=0x0000020a4178f2f4 relative=0x0000000000000714
Event: 1.903 Thread 0x0000020a50c7f860 Uncommon trap: reason=bimorphic_or_optimized_type_check action=maybe_recompile pc=0x0000020a4178f2f4 method=java.util.concurrent.ConcurrentHashMap.get(Ljava/lang/Object;)Ljava/lang/Object; @ 149 c2
Event: 1.903 Thread 0x0000020a50c7f860 DEOPT PACKING pc=0x0000020a4178f2f4 sp=0x00000095dfbfd620
Event: 1.903 Thread 0x0000020a50c7f860 DEOPT UNPACKING pc=0x0000020a39cd23a3 sp=0x00000095dfbfd600 mode 2
Event: 1.903 Thread 0x0000020a50c7f860 Uncommon trap: trap_request=0xffffffc6 fr.pc=0x0000020a4178f2f4 relative=0x0000000000000714
Event: 1.903 Thread 0x0000020a50c7f860 Uncommon trap: reason=bimorphic_or_optimized_type_check action=maybe_recompile pc=0x0000020a4178f2f4 method=java.util.concurrent.ConcurrentHashMap.get(Ljava/lang/Object;)Ljava/lang/Object; @ 149 c2
Event: 1.903 Thread 0x0000020a50c7f860 DEOPT PACKING pc=0x0000020a4178f2f4 sp=0x00000095dfbfd710
Event: 1.903 Thread 0x0000020a50c7f860 DEOPT UNPACKING pc=0x0000020a39cd23a3 sp=0x00000095dfbfd6f0 mode 2

Classes unloaded (0 events):
No events

Classes redefined (0 events):
No events

Internal exceptions (15 events):
Event: 0.837 Thread 0x0000020a36ff47d0 Exception <a 'java/lang/ClassNotFoundException'{0x0000000090cf9a58}: sun/awt/resources/spi/awtProvider> (0x0000000090cf9a58) 
thrown [e:\jenkins\tmp\workspace\build\src\src\hotspot\share\classfile\systemDictionary.cpp, line 256]
Event: 0.872 Thread 0x0000020a36ff47d0 Exception <a 'java/io/FileNotFoundException'{0x0000000090b44d40}> (0x0000000090b44d40) 
thrown [e:\jenkins\tmp\workspace\build\src\src\hotspot\share\prims\jni.cpp, line 516]
Event: 0.884 Thread 0x0000020a36ff47d0 Exception <a 'java/io/FileNotFoundException'{0x0000000090b71ca0}> (0x0000000090b71ca0) 
thrown [e:\jenkins\tmp\workspace\build\src\src\hotspot\share\prims\jni.cpp, line 516]
Event: 0.948 Thread 0x0000020a36ff47d0 Exception <a 'java/lang/NoSuchMethodError'{0x0000000090ba46e0}: 'java.lang.Object java.lang.invoke.DirectMethodHandle$Holder.invokeStaticInit(java.lang.Object)'> (0x0000000090ba46e0) 
thrown [e:\jenkins\tmp\workspace\build\src\src\hotspot\share\interpreter\linkResolver.cpp, line 766]
Event: 0.996 Thread 0x0000020a36ff47d0 Exception <a 'java/lang/NoSuchMethodError'{0x0000000090a084b8}: 'void java.lang.invoke.DirectMethodHandle$Holder.invokeSpecial(java.lang.Object, java.lang.Object, java.lang.Object)'> (0x0000000090a084b8) 
thrown [e:\jenkins\tmp\workspace\build\src\src\hotspot\share\interpreter\linkResolver.cpp, line 766]
Event: 1.029 Thread 0x0000020a36ff47d0 Exception <a 'java/lang/NoSuchMethodError'{0x0000000090a31470}: 'void java.lang.invoke.DirectMethodHandle$Holder.invokeStatic(java.lang.Object, java.lang.Object)'> (0x0000000090a31470) 
thrown [e:\jenkins\tmp\workspace\build\src\src\hotspot\share\interpreter\linkResolver.cpp, line 766]
Event: 1.041 Thread 0x0000020a36ff47d0 Exception <a 'java/lang/NoSuchMethodError'{0x0000000090a58680}: 'java.lang.Object java.lang.invoke.DirectMethodHandle$Holder.newInvokeSpecial(java.lang.Object, java.lang.Object, java.lang.Object, java.lang.Object, java.lang.Object)'> (0x0000000090a58680) 
thrown [e:\jenkins\tmp\workspace\build\src\src\hotspot\share\interpreter\linkResolver.cpp, line 766]
Event: 1.046 Thread 0x0000020a36ff47d0 Exception <a 'java/lang/NoSuchMethodError'{0x0000000090a63da0}: 'java.lang.Object java.lang.invoke.DirectMethodHandle$Holder.invokeStatic(java.lang.Object, int, java.lang.Object, java.lang.Object, java.lang.Object, java.lang.Object)'> (0x0000000090a63da0) 
thrown [e:\jenkins\tmp\workspace\build\src\src\hotspot\share\interpreter\linkResolver.cpp, line 766]
Event: 1.057 Thread 0x0000020a36ff47d0 Exception <a 'java/lang/NoSuchMethodError'{0x0000000090a894f8}: 'java.lang.Object java.lang.invoke.DirectMethodHandle$Holder.invokeStatic(java.lang.Object, int, java.lang.Object)'> (0x0000000090a894f8) 
thrown [e:\jenkins\tmp\workspace\build\src\src\hotspot\share\interpreter\linkResolver.cpp, line 766]
Event: 1.104 Thread 0x0000020a36ff47d0 Exception <a 'java/lang/ClassNotFoundException'{0x0000000090ad2460}: com/sun/swing/internal/plaf/basic/resources/spi/basicProvider> (0x0000000090ad2460) 
thrown [e:\jenkins\tmp\workspace\build\src\src\hotspot\share\classfile\systemDictionary.cpp, line 256]
Event: 1.119 Thread 0x0000020a36ff47d0 Exception <a 'java/lang/NoSuchMethodError'{0x0000000090af33f8}: 'int java.lang.invoke.DirectMethodHandle$Holder.invokeStatic(java.lang.Object)'> (0x0000000090af33f8) 
thrown [e:\jenkins\tmp\workspace\build\src\src\hotspot\share\interpreter\linkResolver.cpp, line 766]
Event: 1.554 Thread 0x0000020a50c7f860 Exception <a 'sun/nio/fs/WindowsException'{0x00000000907ff890}> (0x00000000907ff890) 
thrown [e:\jenkins\tmp\workspace\build\src\src\hotspot\share\prims\jni.cpp, line 516]
Event: 1.579 Thread 0x0000020a51163280 Exception <a 'java/lang/NoSuchMethodError'{0x000000009064ebe8}: 'java.lang.Object java.lang.invoke.DirectMethodHandle$Holder.newInvokeSpecial(java.lang.Object, java.lang.Object, java.lang.Object, int, int, int, int, int)'> (0x000000009064ebe8) 
thrown [e:\jenkins\tmp\workspace\build\src\src\hotspot\share\interpreter\linkResolver.cpp, line 766]
Event: 1.675 Thread 0x0000020a50c7f860 Exception <a 'java/lang/NoSuchMethodError'{0x0000000090473fb8}: 'java.lang.Object java.lang.invoke.DirectMethodHandle$Holder.invokeVirtual(java.lang.Object, java.lang.Object, java.lang.Object, java.lang.Object)'> (0x0000000090473fb8) 
thrown [e:\jenkins\tmp\workspace\build\src\src\hotspot\share\interpreter\linkResolver.cpp, line 766]
Event: 1.717 Thread 0x0000020a50c7f860 Exception <a 'java/lang/NoSuchMethodError'{0x0000000090308f70}: 'void java.lang.invoke.DirectMethodHandle$Holder.invokeVirtual(java.lang.Object, java.lang.Object)'> (0x0000000090308f70) 
thrown [e:\jenkins\tmp\workspace\build\src\src\hotspot\share\interpreter\linkResolver.cpp, line 766]

VM Operations (16 events):
Event: 0.205 Executing VM operation: ChangeBreakpoints
Event: 0.206 Executing VM operation: ChangeBreakpoints done
Event: 0.724 Executing VM operation: HandshakeAllThreads
Event: 0.724 Executing VM operation: HandshakeAllThreads done
Event: 1.352 Executing VM operation: HandshakeAllThreads
Event: 1.352 Executing VM operation: HandshakeAllThreads done
Event: 1.352 Executing VM operation: Cleanup
Event: 1.352 Executing VM operation: Cleanup done
Event: 1.365 Executing VM operation: HandshakeAllThreads
Event: 1.365 Executing VM operation: HandshakeAllThreads done
Event: 1.515 Executing VM operation: HandshakeAllThreads
Event: 1.515 Executing VM operation: HandshakeAllThreads done
Event: 2.194 Executing VM operation: G1CollectForAllocation
Event: 2.210 Executing VM operation: G1CollectForAllocation done
Event: 2.274 Executing VM operation: HandshakeAllThreads
Event: 2.275 Executing VM operation: HandshakeAllThreads done

Events (20 events):
Event: 2.324 loading class javax/swing/JFormattedTextField
Event: 2.326 loading class javax/swing/JFormattedTextField done
Event: 2.326 loading class javax/swing/TimerQueue$DelayedTimer
Event: 2.326 loading class java/util/concurrent/Delayed
Event: 2.326 loading class java/util/concurrent/Delayed done
Event: 2.326 loading class javax/swing/TimerQueue$DelayedTimer done
Event: 2.326 loading class java/util/concurrent/locks/AbstractQueuedSynchronizer$ExclusiveNode
Event: 2.327 loading class java/util/concurrent/locks/AbstractQueuedSynchronizer$ExclusiveNode done
Event: 2.327 loading class javax/swing/text/DefaultHighlighter$LayeredHighlightInfo
Event: 2.327 loading class javax/swing/text/DefaultHighlighter$HighlightInfo
Event: 2.327 loading class javax/swing/text/DefaultHighlighter$HighlightInfo done
Event: 2.327 loading class javax/swing/text/DefaultHighlighter$LayeredHighlightInfo done
Event: 2.327 loading class java/util/concurrent/TimeUnit$1
Event: 2.327 loading class java/util/concurrent/TimeUnit$1 done
Event: 2.327 loading class java/time/temporal/ChronoUnit
Event: 2.328 loading class java/time/temporal/TemporalUnit
Event: 2.328 loading class java/time/temporal/TemporalUnit done
Event: 2.328 loading class java/time/temporal/ChronoUnit done
Event: 2.328 loading class java/time/Duration
Event: 2.331 loading class java/time/temporal/TemporalAmount


Dynamic libraries:
0x00007ff77f140000 - 0x00007ff77f14e000 	C:\Users\A One Trick Pony\.vscode\extensions\redhat.java-1.9.0-win32-x64\jre\17.0.3-win32-x86_64\bin\java.exe
0x00007ffc70380000 - 0x00007ffc70589000 	C:\WINDOWS\SYSTEM32\ntdll.dll
0x00007ffc70040000 - 0x00007ffc700fd000 	C:\WINDOWS\System32\KERNEL32.DLL
0x00007ffc6d860000 - 0x00007ffc6dbd9000 	C:\WINDOWS\System32\KERNELBASE.dll
0x00007ffc6dda0000 - 0x00007ffc6deb1000 	C:\WINDOWS\System32\ucrtbase.dll
0x00007ffc59d80000 - 0x00007ffc59d98000 	C:\Users\A One Trick Pony\.vscode\extensions\redhat.java-1.9.0-win32-x64\jre\17.0.3-win32-x86_64\bin\jli.dll
0x00007ffc6f760000 - 0x00007ffc6f90c000 	C:\WINDOWS\System32\USER32.dll
0x00007ffc6e070000 - 0x00007ffc6e096000 	C:\WINDOWS\System32\win32u.dll
0x00007ffc70010000 - 0x00007ffc70039000 	C:\WINDOWS\System32\GDI32.dll
0x00007ffc6dc80000 - 0x00007ffc6dd92000 	C:\WINDOWS\System32\gdi32full.dll
0x00007ffc6dbe0000 - 0x00007ffc6dc7d000 	C:\WINDOWS\System32\msvcp_win.dll
0x00007ffc581d0000 - 0x00007ffc581e9000 	C:\Users\A One Trick Pony\.vscode\extensions\redhat.java-1.9.0-win32-x64\jre\17.0.3-win32-x86_64\bin\VCRUNTIME140.dll
0x00007ffc561b0000 - 0x00007ffc56455000 	C:\WINDOWS\WinSxS\amd64_microsoft.windows.common-controls_6595b64144ccf1df_6.0.22000.120_none_9d947278b86cc467\COMCTL32.dll
0x00007ffc6fa00000 - 0x00007ffc6faa3000 	C:\WINDOWS\System32\msvcrt.dll
0x00007ffc6fb60000 - 0x00007ffc6fb91000 	C:\WINDOWS\System32\IMM32.DLL
0x00007ffc5a7a0000 - 0x00007ffc5a7ac000 	C:\Users\A One Trick Pony\.vscode\extensions\redhat.java-1.9.0-win32-x64\jre\17.0.3-win32-x86_64\bin\vcruntime140_1.dll
0x00007ffc11600000 - 0x00007ffc11691000 	C:\Users\A One Trick Pony\.vscode\extensions\redhat.java-1.9.0-win32-x64\jre\17.0.3-win32-x86_64\bin\msvcp140.dll
0x00007ffc10780000 - 0x00007ffc113c8000 	C:\Users\A One Trick Pony\.vscode\extensions\redhat.java-1.9.0-win32-x64\jre\17.0.3-win32-x86_64\bin\server\jvm.dll
0x00007ffc6e380000 - 0x00007ffc6e42e000 	C:\WINDOWS\System32\ADVAPI32.dll
0x00007ffc70290000 - 0x00007ffc7032e000 	C:\WINDOWS\System32\sechost.dll
0x00007ffc70160000 - 0x00007ffc70280000 	C:\WINDOWS\System32\RPCRT4.dll
0x00007ffc6eb10000 - 0x00007ffc6eb18000 	C:\WINDOWS\System32\PSAPI.DLL
0x00007ffc60160000 - 0x00007ffc60169000 	C:\WINDOWS\SYSTEM32\WSOCK32.dll
0x00007ffc6e670000 - 0x00007ffc6e6df000 	C:\WINDOWS\System32\WS2_32.dll
0x00007ffc63530000 - 0x00007ffc63563000 	C:\WINDOWS\SYSTEM32\WINMM.dll
0x00007ffc61d10000 - 0x00007ffc61d1a000 	C:\WINDOWS\SYSTEM32\VERSION.dll
0x00007ffc6ca50000 - 0x00007ffc6ca68000 	C:\WINDOWS\SYSTEM32\kernel.appcore.dll
0x00007ffc58450000 - 0x00007ffc5845a000 	C:\Users\A One Trick Pony\.vscode\extensions\redhat.java-1.9.0-win32-x64\jre\17.0.3-win32-x86_64\bin\jimage.dll
0x00007ffc6aef0000 - 0x00007ffc6b111000 	C:\WINDOWS\SYSTEM32\DBGHELP.DLL
0x00007ffc4eb20000 - 0x00007ffc4eb51000 	C:\WINDOWS\SYSTEM32\dbgcore.DLL
0x00007ffc6df80000 - 0x00007ffc6dfff000 	C:\WINDOWS\System32\bcryptPrimitives.dll
0x00007ffc54d40000 - 0x00007ffc54d7b000 	C:\Users\A One Trick Pony\.vscode\extensions\redhat.java-1.9.0-win32-x64\jre\17.0.3-win32-x86_64\bin\jdwp.dll
0x00007ffc1bf70000 - 0x00007ffc1bf95000 	C:\Users\A One Trick Pony\.vscode\extensions\redhat.java-1.9.0-win32-x64\jre\17.0.3-win32-x86_64\bin\java.dll
0x00007ffc54c60000 - 0x00007ffc54c78000 	C:\Users\A One Trick Pony\.vscode\extensions\redhat.java-1.9.0-win32-x64\jre\17.0.3-win32-x86_64\bin\zip.dll
0x00007ffc6eb30000 - 0x00007ffc6f2e8000 	C:\WINDOWS\System32\SHELL32.dll
0x00007ffc6b9b0000 - 0x00007ffc6c217000 	C:\WINDOWS\SYSTEM32\windows.storage.dll
0x00007ffc6f2f0000 - 0x00007ffc6f669000 	C:\WINDOWS\System32\combase.dll
0x00007ffc6b840000 - 0x00007ffc6b9a6000 	C:\WINDOWS\SYSTEM32\wintypes.dll
0x00007ffc6f910000 - 0x00007ffc6f9fa000 	C:\WINDOWS\System32\SHCORE.dll
0x00007ffc6f670000 - 0x00007ffc6f6cd000 	C:\WINDOWS\System32\shlwapi.dll
0x00007ffc6d790000 - 0x00007ffc6d7b1000 	C:\WINDOWS\SYSTEM32\profapi.dll
0x00007ffc630a0000 - 0x00007ffc630ac000 	C:\Users\A One Trick Pony\.vscode\extensions\redhat.java-1.9.0-win32-x64\jre\17.0.3-win32-x86_64\bin\dt_socket.dll
0x00007ffc6c590000 - 0x00007ffc6c5bd000 	C:\WINDOWS\SYSTEM32\IPHLPAPI.DLL
0x00007ffc6ce80000 - 0x00007ffc6cee7000 	C:\WINDOWS\system32\mswsock.dll
0x00007ffc6c5c0000 - 0x00007ffc6c6a8000 	C:\WINDOWS\SYSTEM32\DNSAPI.dll
0x00007ffc6eb20000 - 0x00007ffc6eb29000 	C:\WINDOWS\System32\NSI.dll
0x00007ffc581b0000 - 0x00007ffc581ba000 	C:\Windows\System32\rasadhlp.dll
0x00007ffc60e80000 - 0x00007ffc60f01000 	C:\WINDOWS\System32\fwpuclnt.dll
0x00007ffc54c40000 - 0x00007ffc54c59000 	C:\Users\A One Trick Pony\.vscode\extensions\redhat.java-1.9.0-win32-x64\jre\17.0.3-win32-x86_64\bin\net.dll
0x00007ffc62030000 - 0x00007ffc6213c000 	C:\WINDOWS\SYSTEM32\WINHTTP.dll
0x00007ffc11440000 - 0x00007ffc11455000 	C:\Users\A One Trick Pony\.vscode\extensions\redhat.java-1.9.0-win32-x64\jre\17.0.3-win32-x86_64\bin\nio.dll
0x00007ffc27070000 - 0x00007ffc271fe000 	C:\Users\A One Trick Pony\.vscode\extensions\redhat.java-1.9.0-win32-x64\jre\17.0.3-win32-x86_64\bin\awt.dll
0x00007ffc6e800000 - 0x00007ffc6e8d6000 	C:\WINDOWS\System32\OLEAUT32.dll
0x00007ffc67810000 - 0x00007ffc678a1000 	C:\WINDOWS\SYSTEM32\apphelp.dll
0x00007ffc67940000 - 0x00007ffc679ec000 	C:\WINDOWS\system32\uxtheme.dll
0x00007ffc6e6e0000 - 0x00007ffc6e7fe000 	C:\WINDOWS\System32\MSCTF.dll
0x00007ffc6e970000 - 0x00007ffc6eb0a000 	C:\WINDOWS\System32\ole32.dll
0x00007ffc6b330000 - 0x00007ffc6b35f000 	C:\WINDOWS\system32\DWMAPI.DLL
0x00007ffc2dec0000 - 0x00007ffc2df49000 	C:\Users\A One Trick Pony\.vscode\extensions\redhat.java-1.9.0-win32-x64\jre\17.0.3-win32-x86_64\bin\freetype.dll
0x00007ffc27980000 - 0x00007ffc27a28000 	C:\Users\A One Trick Pony\.vscode\extensions\redhat.java-1.9.0-win32-x64\jre\17.0.3-win32-x86_64\bin\fontmanager.dll
0x00007ffc3b4d0000 - 0x00007ffc3b5d1000 	C:\WINDOWS\system32\opengl32.dll
0x00007ffc3b460000 - 0x00007ffc3b48d000 	C:\WINDOWS\SYSTEM32\GLU32.dll
0x00007ffc6b170000 - 0x00007ffc6b1a8000 	C:\WINDOWS\SYSTEM32\dxcore.dll
0x00007ffc63090000 - 0x00007ffc63096000 	C:\Users\A One Trick Pony\AppData\Local\Temp\flatlaf.temp\flatlaf-windows-x86_64-902971285421000.dll
0x00007ffc63040000 - 0x00007ffc63047000 	C:\Users\A One Trick Pony\.vscode\extensions\redhat.java-1.9.0-win32-x64\jre\17.0.3-win32-x86_64\bin\jawt.dll
0x00007ffc60170000 - 0x00007ffc6019d000 	C:\Users\A One Trick Pony\.vscode\extensions\redhat.java-1.9.0-win32-x64\jre\17.0.3-win32-x86_64\bin\javajpeg.dll
0x00007ffc6fab0000 - 0x00007ffc6fb5f000 	C:\WINDOWS\System32\clbcatq.dll
0x00007ffc63940000 - 0x00007ffc63aee000 	C:\WINDOWS\SYSTEM32\WindowsCodecs.dll
0x00007ffc3a620000 - 0x00007ffc3a67d000 	C:\WINDOWS\system32\dataexchange.dll
0x00007ffc63170000 - 0x00007ffc633d6000 	C:\WINDOWS\system32\twinapi.appcore.dll
0x00007ffc56c90000 - 0x00007ffc56dbd000 	C:\WINDOWS\SYSTEM32\textinputframework.dll
0x00007ffc67520000 - 0x00007ffc67652000 	C:\WINDOWS\SYSTEM32\CoreMessaging.dll
0x00007ffc64980000 - 0x00007ffc64ced000 	C:\WINDOWS\SYSTEM32\CoreUIComponents.dll
0x00007ffc6d0e0000 - 0x00007ffc6d0ec000 	C:\WINDOWS\SYSTEM32\CRYPTBASE.DLL

dbghelp: loaded successfully - version: 4.0.5 - missing functions: none
symbol engine: initialized successfully - sym options: 0x614 - pdb path: .;C:\Users\A One Trick Pony\.vscode\extensions\redhat.java-1.9.0-win32-x64\jre\17.0.3-win32-x86_64\bin;C:\WINDOWS\SYSTEM32;C:\WINDOWS\WinSxS\amd64_microsoft.windows.common-controls_6595b64144ccf1df_6.0.22000.120_none_9d947278b86cc467;C:\Users\A One Trick Pony\.vscode\extensions\redhat.java-1.9.0-win32-x64\jre\17.0.3-win32-x86_64\bin\server;C:\Users\A One Trick Pony\AppData\Local\Temp\flatlaf.temp

VM Arguments:
jvm_args: -agentlib:jdwp=transport=dt_socket,server=n,suspend=y,address=localhost:5012 -XX:+ShowCodeDetailsInExceptionMessages 
java_command: Main
java_class_path (initial): C:\Users\A One Trick Pony\eclipse-workspace\Oop\bin;C:\Users\A One Trick Pony\eclipse-workspace\Oop\jgoodies-common-1.8.0.jar;C:\Users\A One Trick Pony\eclipse-workspace\Oop\jgoodies-forms-1.8.0.jar;C:\Users\A One Trick Pony\Downloads\Compressed\beautyeye-3.7\beautyeye-3.7\dist\beautyeye_lnf.jar;C:\Users\A One Trick Pony\Downloads\flatlaf-2.4.jar
Launcher Type: SUN_STANDARD

[Global flags]
     intx CICompilerCount                          = 3                                         {product} {ergonomic}
     uint ConcGCThreads                            = 1                                         {product} {ergonomic}
     uint G1ConcRefinementThreads                  = 4                                         {product} {ergonomic}
   size_t G1HeapRegionSize                         = 1048576                                   {product} {ergonomic}
    uintx GCDrainStackTargetSize                   = 64                                        {product} {ergonomic}
   size_t InitialHeapSize                          = 125829120                                 {product} {ergonomic}
   size_t MarkStackSize                            = 4194304                                   {product} {ergonomic}
   size_t MaxHeapSize                              = 1990197248                                {product} {ergonomic}
   size_t MaxNewSize                               = 1193279488                                {product} {ergonomic}
   size_t MinHeapDeltaBytes                        = 1048576                                   {product} {ergonomic}
   size_t MinHeapSize                              = 8388608                                   {product} {ergonomic}
    uintx NonNMethodCodeHeapSize                   = 5832780                                {pd product} {ergonomic}
    uintx NonProfiledCodeHeapSize                  = 122912730                              {pd product} {ergonomic}
    uintx ProfiledCodeHeapSize                     = 122912730                              {pd product} {ergonomic}
    uintx ReservedCodeCacheSize                    = 251658240                              {pd product} {ergonomic}
     bool SegmentedCodeCache                       = true                                      {product} {ergonomic}
     bool ShowCodeDetailsInExceptionMessages       = true                                   {manageable} {command line}
   size_t SoftMaxHeapSize                          = 1990197248                             {manageable} {ergonomic}
     bool UseCompressedClassPointers               = true                           {product lp64_product} {ergonomic}
     bool UseCompressedOops                        = true                           {product lp64_product} {ergonomic}
     bool UseG1GC                                  = true                                      {product} {ergonomic}
     bool UseLargePagesIndividualAllocation        = false                                  {pd product} {ergonomic}

Logging:
Log output configuration:
 #0: stdout all=warning uptime,level,tags
 #1: stderr all=off uptime,level,tags

Environment Variables:
PATH=C:\WINDOWS\system32;C:\WINDOWS;C:\WINDOWS\System32\Wbem;C:\WINDOWS\System32\WindowsPowerShell\v1.0\;C:\WINDOWS\System32\OpenSSH\;C:\Program Files (x86)\Intel\Intel(R) Management Engine Components\DAL;C:\Program Files\Intel\Intel(R) Management Engine Components\DAL;C:\flutter\bin;C:\Program Files\Microsoft SQL Server\150\Tools\Binn\;C:\Program Files\Microsoft SQL Server\Client SDK\ODBC\170\Tools\Binn\;C:\Users\A One Trick Pony\.jdks\openjdk-17.0.2\bin;C:\Program Files\Git\cmd;C:\Program Files\CodeBlocks\MinGW\bin;C:\Program Files\dotnet\;'C:\Users\A One Trick Pony\AppData\Local\Programs\Python\Python310\Scripts';C:\Program Files\CodeBlocks\MinGW\bin;'C:\Users\A One Trick Pony\AppData\Local\Packages\PythonSoftwareFoundation.Python.3.10_qbz5n2kfra8p0\LocalCache\local-packages\Python310\Scripts';'C:\Users\A One Trick Pony\AppData\Local\Packages\PythonSoftwareFoundation.Python.3.10_qbz5n2kfra8p0\LocalCache\local-packages\Python310\Scripts';c:\program files\windowsapps\pythonsoftwarefoundation.python.3.10_3.10.1264.0_x64__qbz5n2kfra8p0\lib\site-packages;C:\Program Files\MiKTeX\miktex\bin\x64\;C:\sqlite\sqlite3.exe;C:\Python27\python.exe;C:\Program Files\nodejs\;C:\Program Files\dotnet\dotnet.exe;C:\Program Files\MySQL\MySQL Shell 8.0\bin\;C:\Users\A One Trick Pony\AppData\Local\Microsoft\WindowsApps;C:\Users\A One Trick Pony\AppData\Local\Programs\Microsoft VS Code\bin;C:\Program Files\JetBrains\IntelliJ IDEA Community Edition 2021.3.2\bin;;C:\Users\A One Trick Pony\.dotnet\tools;C:\Program Files\JetBrains\PyCharm Community Edition 2021.3.3\bin;;C:\Users\A One Trick Pony\AppData\Local\GitHubDesktop\bin;C:\Users\A One Trick Pony\AppData\Roaming\npm
USERNAME=A One Trick Pony
OS=Windows_NT
PROCESSOR_IDENTIFIER=Intel64 Family 6 Model 78 Stepping 3, GenuineIntel



---------------  S Y S T E M  ---------------

OS:
 Windows 11 , 64 bit Build 22000 (10.0.22000.708)
OS uptime: 1 days 1:04 hours

CPU: total 4 (initial active 4) (2 cores per cpu, 2 threads per core) family 6 model 78 stepping 3 microcode 0xea, cx8, cmov, fxsr, ht, mmx, 3dnowpref, sse, sse2, sse3, ssse3, sse4.1, sse4.2, popcnt, lzcnt, tsc, tscinvbit, avx, avx2, aes, erms, clmul, bmi1, bmi2, adx, fma, vzeroupper, clflush, clflushopt

Memory: 4k page, system-wide physical 7591M (574M free)
TotalPageFile size 19879M (AvailPageFile size 6M)
current process WorkingSet (physical memory assigned to process): 92M, peak: 93M
current process commit charge ("private bytes"): 217M, peak: 219M

vm_info: OpenJDK 64-Bit Server VM (17.0.3+7) for windows-amd64 JRE (17.0.3+7), built on Apr 19 2022 16:55:35 by "" with MS VC++ 16.7 (VS2019)

END.
